<?xml version="1.0" encoding="UTF-8"?>
<!-- Generated by org.testng.reporters.JUnitXMLReporter -->
<testsuite ignored="5" hostname="NP2008" failures="0" tests="1" name="Test" time="2.246" errors="0" timestamp="2022-09-25T15:14:03 EDT">
  <testcase classname="SFProject.utility.base.SalesforceBaseScript" name="@BeforeMethod setUp" time="2.184">
    <failure type="java.lang.NullPointerException" message="null value in entry: url=null">
      <![CDATA[java.lang.NullPointerException: null value in entry: url=null
at com.google.common.collect.CollectPreconditions.checkEntryNotNull(CollectPreconditions.java:33)
at com.google.common.collect.SingletonImmutableBiMap.<init>(SingletonImmutableBiMap.java:43)
at com.google.common.collect.ImmutableBiMap.of(ImmutableBiMap.java:81)
at com.google.common.collect.ImmutableMap.of(ImmutableMap.java:128)
at org.openqa.selenium.remote.DriverCommand.GET(DriverCommand.java:198)
at org.openqa.selenium.remote.RemoteWebDriver.get(RemoteWebDriver.java:310)
at SFProject.utility.base.SalesforceBaseScript.gotoUrl(SalesforceBaseScript.java:79)
at SFProject.utility.base.SalesforceBaseScript.setUp(SalesforceBaseScript.java:42)
at java.base/java.util.ArrayList.forEach(ArrayList.java:1511)
... Removed 31 stack frames]]>
    </failure>
  </testcase> <!-- @BeforeMethod setUp -->
  <testcase classname="SFProject.utility.test.CaseScript" name="T1sf" time="0.0">
    <skipped/>
  </testcase> <!-- T1sf -->
  <testcase classname="SFProject.utility.test.CaseScript" name="T3sf" time="0.0">
    <ignored/>
  </testcase> <!-- T3sf -->
  <testcase classname="SFProject.utility.test.CaseScript" name="T2sf" time="0.0">
    <ignored/>
  </testcase> <!-- T2sf -->
  <testcase classname="SFProject.utility.test.CaseScript" name="T5sf" time="0.0">
    <ignored/>
  </testcase> <!-- T5sf -->
  <testcase classname="SFProject.utility.test.CaseScript" name="T4bsf" time="0.0">
    <ignored/>
  </testcase> <!-- T4bsf -->
  <testcase classname="SFProject.utility.test.CaseScript" name="T4asf" time="0.0">
    <ignored/>
  </testcase> <!-- T4asf -->
</testsuite> <!-- Test -->
