<?xml version="1.0" encoding="UTF-8"?>
<!-- Generated by org.testng.reporters.JUnitXMLReporter -->
<testsuite ignored="0" hostname="NP2008" failures="0" tests="17" name="Default test" time="0.211" errors="0" timestamp="2022-10-02T22:10:09 EDT">
  <testcase classname="SFProject.utility.base.SalesforceBaseScript" name="@BeforeMethod setUp" time="-1.664763009578E9">
    <failure type="org.testng.TestNGException" message="
Parameter &amp;apos;browserName&amp;apos; is required by BeforeMethod on method setUp but has not been marked @Optional or defined
in C:\Users\Narendra\AppData\Local\Temp\testng-eclipse-606045164\testng-customsuite.xml">
      <![CDATA[org.testng.TestNGException: 
Parameter 'browserName' is required by BeforeMethod on method setUp but has not been marked @Optional or defined
in C:\Users\Narendra\AppData\Local\Temp\testng-eclipse-606045164\testng-customsuite.xml
at org.testng.internal.Parameters.createParams(Parameters.java:270)
at org.testng.internal.Parameters.createParametersForMethod(Parameters.java:358)
at org.testng.internal.Parameters.createParameters(Parameters.java:700)
at org.testng.internal.Parameters.createConfigurationParameters(Parameters.java:168)
at org.testng.internal.ConfigInvoker.invokeConfigurations(ConfigInvoker.java:302)
at org.testng.internal.TestInvoker.runConfigMethods(TestInvoker.java:700)
at org.testng.internal.TestInvoker.invokeMethod(TestInvoker.java:527)
at org.testng.internal.TestInvoker.invokeTestMethod(TestInvoker.java:173)
at org.testng.internal.MethodRunner.runInSequence(MethodRunner.java:46)
at org.testng.internal.TestInvoker$MethodInvocationAgent.invoke(TestInvoker.java:824)
at org.testng.internal.TestInvoker.invokeTestMethods(TestInvoker.java:146)
at org.testng.internal.TestMethodWorker.invokeTestMethods(TestMethodWorker.java:146)
at org.testng.internal.TestMethodWorker.run(TestMethodWorker.java:128)
at java.base/java.util.ArrayList.forEach(ArrayList.java:1511)
at org.testng.TestRunner.privateRun(TestRunner.java:794)
at org.testng.TestRunner.run(TestRunner.java:596)
at org.testng.SuiteRunner.runTest(SuiteRunner.java:377)
at org.testng.SuiteRunner.runSequentially(SuiteRunner.java:371)
at org.testng.SuiteRunner.privateRun(SuiteRunner.java:332)
at org.testng.SuiteRunner.run(SuiteRunner.java:276)
at org.testng.SuiteRunnerWorker.runSuite(SuiteRunnerWorker.java:53)
at org.testng.SuiteRunnerWorker.run(SuiteRunnerWorker.java:96)
at org.testng.TestNG.runSuitesSequentially(TestNG.java:1212)
at org.testng.TestNG.runSuitesLocally(TestNG.java:1134)
at org.testng.TestNG.runSuites(TestNG.java:1063)
at org.testng.TestNG.run(TestNG.java:1031)
at org.testng.remote.AbstractRemoteTestNG.run(AbstractRemoteTestNG.java:115)
at org.testng.remote.RemoteTestNG.initAndRun(RemoteTestNG.java:251)
at org.testng.remote.RemoteTestNG.main(RemoteTestNG.java:77)
]]>
    </failure>
  </testcase> <!-- @BeforeMethod setUp -->
  <testcase classname="SFProject.utility.base.SalesforceBaseScript" name="@AfterMethod tearDown" time="-1.664763009589E9">
    <skipped/>
  </testcase> <!-- @AfterMethod tearDown -->
  <testcase classname="SFProject.utility.base.SalesforceBaseScript" name="@BeforeMethod setUp" time="-1.66476300959E9">
    <skipped/>
  </testcase> <!-- @BeforeMethod setUp -->
  <testcase classname="SFProject.utility.base.SalesforceBaseScript" name="@AfterMethod tearDown" time="-1.664763009593E9">
    <skipped/>
  </testcase> <!-- @AfterMethod tearDown -->
  <testcase classname="SFProject.utility.base.SalesforceBaseScript" name="@BeforeMethod setUp" time="-1.664763009595E9">
    <skipped/>
  </testcase> <!-- @BeforeMethod setUp -->
  <testcase classname="SFProject.utility.base.SalesforceBaseScript" name="@AfterMethod tearDown" time="-1.664763009599E9">
    <skipped/>
  </testcase> <!-- @AfterMethod tearDown -->
  <testcase classname="SFProject.utility.base.SalesforceBaseScript" name="@BeforeMethod setUp" time="-1.6647630096E9">
    <skipped/>
  </testcase> <!-- @BeforeMethod setUp -->
  <testcase classname="SFProject.utility.base.SalesforceBaseScript" name="@AfterMethod tearDown" time="-1.664763009603E9">
    <skipped/>
  </testcase> <!-- @AfterMethod tearDown -->
  <testcase classname="SFProject.utility.base.SalesforceBaseScript" name="@BeforeMethod setUp" time="-1.664763009605E9">
    <skipped/>
  </testcase> <!-- @BeforeMethod setUp -->
  <testcase classname="SFProject.utility.base.SalesforceBaseScript" name="@AfterMethod tearDown" time="-1.664763009608E9">
    <skipped/>
  </testcase> <!-- @AfterMethod tearDown -->
  <testcase classname="SFProject.utility.base.SalesforceBaseScript" name="@BeforeMethod setUp" time="-1.664763009609E9">
    <skipped/>
  </testcase> <!-- @BeforeMethod setUp -->
  <testcase classname="SFProject.utility.base.SalesforceBaseScript" name="@AfterMethod tearDown" time="-1.664763009611E9">
    <skipped/>
  </testcase> <!-- @AfterMethod tearDown -->
  <testcase classname="SFProject.utility.base.SalesforceBaseScript" name="@BeforeMethod setUp" time="-1.664763009619E9">
    <skipped/>
  </testcase> <!-- @BeforeMethod setUp -->
  <testcase classname="SFProject.utility.base.SalesforceBaseScript" name="@AfterMethod tearDown" time="-1.664763009621E9">
    <skipped/>
  </testcase> <!-- @AfterMethod tearDown -->
  <testcase classname="SFProject.utility.base.SalesforceBaseScript" name="@BeforeMethod setUp" time="-1.664763009622E9">
    <skipped/>
  </testcase> <!-- @BeforeMethod setUp -->
  <testcase classname="SFProject.utility.base.SalesforceBaseScript" name="@AfterMethod tearDown" time="-1.664763009624E9">
    <skipped/>
  </testcase> <!-- @AfterMethod tearDown -->
  <testcase classname="SFProject.utility.base.SalesforceBaseScript" name="@BeforeMethod setUp" time="-1.664763009625E9">
    <skipped/>
  </testcase> <!-- @BeforeMethod setUp -->
  <testcase classname="SFProject.utility.base.SalesforceBaseScript" name="@AfterMethod tearDown" time="-1.664763009627E9">
    <skipped/>
  </testcase> <!-- @AfterMethod tearDown -->
  <testcase classname="SFProject.utility.base.SalesforceBaseScript" name="@BeforeMethod setUp" time="-1.664763009628E9">
    <skipped/>
  </testcase> <!-- @BeforeMethod setUp -->
  <testcase classname="SFProject.utility.base.SalesforceBaseScript" name="@AfterMethod tearDown" time="-1.664763009631E9">
    <skipped/>
  </testcase> <!-- @AfterMethod tearDown -->
  <testcase classname="SFProject.utility.base.SalesforceBaseScript" name="@BeforeMethod setUp" time="-1.664763009631E9">
    <skipped/>
  </testcase> <!-- @BeforeMethod setUp -->
  <testcase classname="SFProject.utility.base.SalesforceBaseScript" name="@AfterMethod tearDown" time="-1.664763009634E9">
    <skipped/>
  </testcase> <!-- @AfterMethod tearDown -->
  <testcase classname="SFProject.utility.base.SalesforceBaseScript" name="@BeforeMethod setUp" time="-1.664763009635E9">
    <skipped/>
  </testcase> <!-- @BeforeMethod setUp -->
  <testcase classname="SFProject.utility.base.SalesforceBaseScript" name="@AfterMethod tearDown" time="-1.664763009637E9">
    <skipped/>
  </testcase> <!-- @AfterMethod tearDown -->
  <testcase classname="SFProject.utility.base.SalesforceBaseScript" name="@BeforeMethod setUp" time="-1.664763009638E9">
    <skipped/>
  </testcase> <!-- @BeforeMethod setUp -->
  <testcase classname="SFProject.utility.base.SalesforceBaseScript" name="@AfterMethod tearDown" time="-1.664763009639E9">
    <skipped/>
  </testcase> <!-- @AfterMethod tearDown -->
  <testcase classname="SFProject.utility.base.SalesforceBaseScript" name="@BeforeMethod setUp" time="-1.66476300964E9">
    <skipped/>
  </testcase> <!-- @BeforeMethod setUp -->
  <testcase classname="SFProject.utility.base.SalesforceBaseScript" name="@AfterMethod tearDown" time="-1.664763009642E9">
    <skipped/>
  </testcase> <!-- @AfterMethod tearDown -->
  <testcase classname="SFProject.utility.base.SalesforceBaseScript" name="@BeforeMethod setUp" time="-1.664763009643E9">
    <skipped/>
  </testcase> <!-- @BeforeMethod setUp -->
  <testcase classname="SFProject.utility.base.SalesforceBaseScript" name="@AfterMethod tearDown" time="-1.664763009644E9">
    <skipped/>
  </testcase> <!-- @AfterMethod tearDown -->
  <testcase classname="SFProject.utility.base.SalesforceBaseScript" name="@BeforeMethod setUp" time="-1.664763009645E9">
    <skipped/>
  </testcase> <!-- @BeforeMethod setUp -->
  <testcase classname="SFProject.utility.base.SalesforceBaseScript" name="@AfterMethod tearDown" time="-1.664763009646E9">
    <skipped/>
  </testcase> <!-- @AfterMethod tearDown -->
  <testcase classname="SFProject.utility.base.SalesforceBaseScript" name="@BeforeMethod setUp" time="-1.664763009647E9">
    <skipped/>
  </testcase> <!-- @BeforeMethod setUp -->
  <testcase classname="SFProject.utility.base.SalesforceBaseScript" name="@AfterMethod tearDown" time="-1.664763009648E9">
    <skipped/>
  </testcase> <!-- @AfterMethod tearDown -->
  <testcase classname="SFProject.utility.test.CaseScript" name="T10sf" time="0.0">
    <skipped/>
  </testcase> <!-- T10sf -->
  <testcase classname="SFProject.utility.test.CaseScript" name="T11sf" time="0.0">
    <skipped/>
  </testcase> <!-- T11sf -->
  <testcase classname="SFProject.utility.test.CaseScript" name="T12sf" time="0.0">
    <skipped/>
  </testcase> <!-- T12sf -->
  <testcase classname="SFProject.utility.test.CaseScript" name="T13sf" time="0.0">
    <skipped/>
  </testcase> <!-- T13sf -->
  <testcase classname="SFProject.utility.test.CaseScript" name="T14sf" time="0.0">
    <skipped/>
  </testcase> <!-- T14sf -->
  <testcase classname="SFProject.utility.test.CaseScript" name="T15sf" time="0.0">
    <skipped/>
  </testcase> <!-- T15sf -->
  <testcase classname="SFProject.utility.test.CaseScript" name="T1sf" time="0.0">
    <skipped/>
  </testcase> <!-- T1sf -->
  <testcase classname="SFProject.utility.test.CaseScript" name="T24sf" time="0.0">
    <skipped/>
  </testcase> <!-- T24sf -->
  <testcase classname="SFProject.utility.test.CaseScript" name="T2sf" time="0.0">
    <skipped/>
  </testcase> <!-- T2sf -->
  <testcase classname="SFProject.utility.test.CaseScript" name="T3sf" time="0.0">
    <skipped/>
  </testcase> <!-- T3sf -->
  <testcase classname="SFProject.utility.test.CaseScript" name="T4asf" time="0.0">
    <skipped/>
  </testcase> <!-- T4asf -->
  <testcase classname="SFProject.utility.test.CaseScript" name="T4bsf" time="0.0">
    <skipped/>
  </testcase> <!-- T4bsf -->
  <testcase classname="SFProject.utility.test.CaseScript" name="T5sf" time="0.0">
    <skipped/>
  </testcase> <!-- T5sf -->
  <testcase classname="SFProject.utility.test.CaseScript" name="T6sf" time="0.0">
    <skipped/>
  </testcase> <!-- T6sf -->
  <testcase classname="SFProject.utility.test.CaseScript" name="T7sf" time="0.0">
    <skipped/>
  </testcase> <!-- T7sf -->
  <testcase classname="SFProject.utility.test.CaseScript" name="T8sf" time="0.0">
    <skipped/>
  </testcase> <!-- T8sf -->
  <testcase classname="SFProject.utility.test.CaseScript" name="T9sf" time="0.0">
    <skipped/>
  </testcase> <!-- T9sf -->
</testsuite> <!-- Default test -->
